0 verbose cli /opt/homebrew/Cellar/node/25.2.1/bin/node /opt/homebrew/bin/npm
1 info using npm@11.6.2
2 info using node@v25.2.1
3 silly config load:file:/opt/homebrew/lib/node_modules/npm/npmrc
4 silly config load:file:/Users/gimhyeonmin/WebstormProjects/Compile-Room/.npmrc
5 silly config load:file:/Users/gimhyeonmin/.npmrc
6 silly config load:file:/opt/homebrew/etc/npmrc
7 verbose title npm install
8 verbose argv "install"
9 verbose logfile logs-max:10 dir:/Users/gimhyeonmin/WebstormProjects/Compile-Room/.npm-cache/_logs/2025-11-30T15_14_25_054Z-
10 verbose logfile /Users/gimhyeonmin/WebstormProjects/Compile-Room/.npm-cache/_logs/2025-11-30T15_14_25_054Z-debug-0.log
11 silly logfile done cleaning log files
12 silly packumentCache heap:4496293888 maxSize:1124073472 maxEntrySize:562036736
13 http fetch GET https://registry.npmjs.org/npm attempt 1 failed with ENOTFOUND
14 silly idealTree buildDeps
15 silly fetch manifest preact@10.11.3
16 silly packumentCache full:https://registry.npmjs.org/preact cache-miss
17 http fetch GET https://registry.npmjs.org/preact attempt 1 failed with ENOTFOUND
18 http fetch GET https://registry.npmjs.org/npm attempt 2 failed with ENOTFOUND
19 http fetch GET https://registry.npmjs.org/preact attempt 2 failed with ENOTFOUND
20 http fetch GET https://registry.npmjs.org/npm attempt 3 failed with ENOTFOUND
21 http fetch GET https://registry.npmjs.org/preact attempt 3 failed with ENOTFOUND
22 silly placeDep node_modules/@auth/core preact@ OK for: @auth/core@0.34.3 want: 10.11.3
23 silly reify moves {}
24 silly audit bulk request {
24 silly audit   '@alloc/quick-lru': [ '5.2.0' ],
24 silly audit   '@auth/core': [ '0.34.3', '0.41.1' ],
24 silly audit   cookie: [ '0.6.0', '0.7.2' ],
24 silly audit   jose: [ '5.10.0', '6.1.1', '4.15.9' ],
24 silly audit   'preact-render-to-string': [ '5.2.3', '6.5.11', '5.2.6' ],
24 silly audit   '@auth/prisma-adapter': [ '2.11.1' ],
24 silly audit   oauth4webapi: [ '3.8.2', '2.17.0' ],
24 silly audit   '@babel/runtime': [ '7.28.4' ],
24 silly audit   '@emnapi/runtime': [ '1.7.0' ],
24 silly audit   '@heroicons/react': [ '2.2.0' ],
24 silly audit   '@img/colour': [ '1.0.0' ],
24 silly audit   '@img/sharp-darwin-arm64': [ '0.34.5' ],
24 silly audit   '@img/sharp-darwin-x64': [ '0.34.5' ],
24 silly audit   '@img/sharp-libvips-darwin-arm64': [ '1.2.4' ],
24 silly audit   '@img/sharp-libvips-darwin-x64': [ '1.2.4' ],
24 silly audit   '@img/sharp-libvips-linux-arm': [ '1.2.4' ],
24 silly audit   '@img/sharp-libvips-linux-arm64': [ '1.2.4' ],
24 silly audit   '@img/sharp-libvips-linux-ppc64': [ '1.2.4' ],
24 silly audit   '@img/sharp-libvips-linux-riscv64': [ '1.2.4' ],
24 silly audit   '@img/sharp-libvips-linux-s390x': [ '1.2.4' ],
24 silly audit   '@img/sharp-libvips-linux-x64': [ '1.2.4' ],
24 silly audit   '@img/sharp-libvips-linuxmusl-arm64': [ '1.2.4' ],
24 silly audit   '@img/sharp-libvips-linuxmusl-x64': [ '1.2.4' ],
24 silly audit   '@img/sharp-linux-arm': [ '0.34.5' ],
24 silly audit   '@img/sharp-linux-arm64': [ '0.34.5' ],
24 silly audit   '@img/sharp-linux-ppc64': [ '0.34.5' ],
24 silly audit   '@img/sharp-linux-riscv64': [ '0.34.5' ],
24 silly audit   '@img/sharp-linux-s390x': [ '0.34.5' ],
24 silly audit   '@img/sharp-linux-x64': [ '0.34.5' ],
24 silly audit   '@img/sharp-linuxmusl-arm64': [ '0.34.5' ],
24 silly audit   '@img/sharp-linuxmusl-x64': [ '0.34.5' ],
24 silly audit   '@img/sharp-wasm32': [ '0.34.5' ],
24 silly audit   '@img/sharp-win32-arm64': [ '0.34.5' ],
24 silly audit   '@img/sharp-win32-ia32': [ '0.34.5' ],
24 silly audit   '@img/sharp-win32-x64': [ '0.34.5' ],
24 silly audit   '@jridgewell/gen-mapping': [ '0.3.13' ],
24 silly audit   '@jridgewell/remapping': [ '2.3.5' ],
24 silly audit   '@jridgewell/resolve-uri': [ '3.1.2' ],
24 silly audit   '@jridgewell/sourcemap-codec': [ '1.5.5' ],
24 silly audit   '@jridgewell/trace-mapping': [ '0.3.31' ],
24 silly audit   '@next/env': [ '16.0.3' ],
24 silly audit   '@next/swc-darwin-arm64': [ '16.0.3' ],
24 silly audit   '@next/swc-darwin-x64': [ '16.0.3' ],
24 silly audit   '@next/swc-linux-arm64-gnu': [ '16.0.3' ],
24 silly audit   '@next/swc-linux-arm64-musl': [ '16.0.3' ],
24 silly audit   '@next/swc-linux-x64-gnu': [ '16.0.3' ],
24 silly audit   '@next/swc-linux-x64-musl': [ '16.0.3' ],
24 silly audit   '@next/swc-win32-arm64-msvc': [ '16.0.3' ],
24 silly audit   '@next/swc-win32-x64-msvc': [ '16.0.3' ],
24 silly audit   '@panva/hkdf': [ '1.2.1' ],
24 silly audit   '@prisma/client': [ '6.19.0' ],
24 silly audit   '@prisma/config': [ '6.19.0' ],
24 silly audit   '@prisma/debug': [ '6.19.0' ],
24 silly audit   '@prisma/engines': [ '6.19.0' ],
24 silly audit   '@prisma/engines-version': [ '6.19.0-26.2ba551f319ab1df4bc874a89965d8b3641056773' ],
24 silly audit   '@prisma/fetch-engine': [ '6.19.0' ],
24 silly audit   '@prisma/get-platform': [ '6.19.0' ],
24 silly audit   '@standard-schema/spec': [ '1.0.0' ],
24 silly audit   '@swc/helpers': [ '0.5.15' ],
24 silly audit   '@tailwindcss/node': [ '4.1.17' ],
24 silly audit   '@tailwindcss/oxide': [ '4.1.17' ],
24 silly audit   '@tailwindcss/oxide-android-arm64': [ '4.1.17' ],
24 silly audit   '@tailwindcss/oxide-darwin-arm64': [ '4.1.17' ],
24 silly audit   '@tailwindcss/oxide-darwin-x64': [ '4.1.17' ],
24 silly audit   '@tailwindcss/oxide-freebsd-x64': [ '4.1.17' ],
24 silly audit   '@tailwindcss/oxide-linux-arm-gnueabihf': [ '4.1.17' ],
24 silly audit   '@tailwindcss/oxide-linux-arm64-gnu': [ '4.1.17' ],
24 silly audit   '@tailwindcss/oxide-linux-arm64-musl': [ '4.1.17' ],
24 silly audit   '@tailwindcss/oxide-linux-x64-gnu': [ '4.1.17' ],
24 silly audit   '@tailwindcss/oxide-linux-x64-musl': [ '4.1.17' ],
24 silly audit   '@tailwindcss/oxide-wasm32-wasi': [ '4.1.17' ],
24 silly audit   '@tailwindcss/oxide-win32-arm64-msvc': [ '4.1.17' ],
24 silly audit   '@tailwindcss/oxide-win32-x64-msvc': [ '4.1.17' ],
24 silly audit   '@tailwindcss/postcss': [ '4.1.17' ],
24 silly audit   '@types/cookie': [ '0.6.0' ],
24 silly audit   bcryptjs: [ '3.0.3' ],
24 silly audit   c12: [ '3.1.0' ],
24 silly audit   'caniuse-lite': [ '1.0.30001754' ],
24 silly audit   chokidar: [ '4.0.3' ],
24 silly audit   citty: [ '0.1.6' ],
24 silly audit   'client-only': [ '0.0.1' ],
24 silly audit   confbox: [ '0.2.2' ],
24 silly audit   consola: [ '3.4.2' ],
24 silly audit   'deepmerge-ts': [ '7.1.5' ],
24 silly audit   defu: [ '6.1.4' ],
24 silly audit   dequal: [ '2.0.3' ],
24 silly audit   destr: [ '2.0.5' ],
24 silly audit   'detect-libc': [ '2.1.2' ],
24 silly audit   dotenv: [ '16.6.1' ],
24 silly audit   effect: [ '3.18.4' ],
24 silly audit   empathic: [ '2.0.0' ],
24 silly audit   'enhanced-resolve': [ '5.18.3' ],
24 silly audit   exsolve: [ '1.0.8' ],
24 silly audit   'fast-check': [ '3.23.2' ],
24 silly audit   giget: [ '2.0.0' ],
24 silly audit   'graceful-fs': [ '4.2.11' ],
24 silly audit   jiti: [ '2.6.1' ],
24 silly audit   lightningcss: [ '1.30.2' ],
24 silly audit   'lightningcss-android-arm64': [ '1.30.2' ],
24 silly audit   'lightningcss-darwin-arm64': [ '1.30.2' ],
24 silly audit   'lightningcss-darwin-x64': [ '1.30.2' ],
24 silly audit   'lightningcss-freebsd-x64': [ '1.30.2' ],
24 silly audit   'lightningcss-linux-arm-gnueabihf': [ '1.30.2' ],
24 silly audit   'lightningcss-linux-arm64-gnu': [ '1.30.2' ],
24 silly audit   'lightningcss-linux-arm64-musl': [ '1.30.2' ],
24 silly audit   'lightningcss-linux-x64-gnu': [ '1.30.2' ],
24 silly audit   'lightningcss-linux-x64-musl': [ '1.30.2' ],
24 silly audit   'lightningcss-win32-arm64-msvc': [ '1.30.2' ],
24 silly audit   'lightningcss-win32-x64-msvc': [ '1.30.2' ],
24 silly audit   'lru-cache': [ '6.0.0' ],
24 silly audit   'magic-string': [ '0.30.21' ],
24 silly audit   nanoid: [ '3.3.11' ],
24 silly audit   next: [ '16.0.3' ],
24 silly audit   'next-auth': [ '4.24.13' ],
24 silly audit   postcss: [ '8.4.31', '8.5.6' ],
24 silly audit   'node-fetch-native': [ '1.6.7' ],
24 silly audit   nypm: [ '0.6.2' ],
24 silly audit   oauth: [ '0.9.15' ],
24 silly audit   'object-hash': [ '2.2.0' ],
24 silly audit   ohash: [ '2.0.11' ],
24 silly audit   'oidc-token-hash': [ '5.2.0' ],
24 silly audit   'openid-client': [ '5.7.1' ],
24 silly audit   pathe: [ '2.0.3' ],
24 silly audit   'perfect-debounce': [ '1.0.0' ],
24 silly audit   picocolors: [ '1.1.1' ],
24 silly audit   'pkg-types': [ '2.3.0' ],
24 silly audit   preact: [ '10.24.3' ],
24 silly audit   'pretty-format': [ '3.8.0' ],
24 silly audit   prisma: [ '6.19.0' ],
24 silly audit   'pure-rand': [ '6.1.0' ],
24 silly audit   rc9: [ '2.1.2' ],
24 silly audit   react: [ '19.2.0' ],
24 silly audit   'react-dom': [ '19.2.0' ],
24 silly audit   readdirp: [ '4.1.2' ],
24 silly audit   scheduler: [ '0.27.0' ],
24 silly audit   semver: [ '7.7.3' ],
24 silly audit   sharp: [ '0.34.5' ],
24 silly audit   'source-map-js': [ '1.2.1' ],
24 silly audit   'styled-jsx': [ '5.1.6' ],
24 silly audit   swr: [ '2.3.6' ],
24 silly audit   tailwindcss: [ '4.1.17' ],
24 silly audit   tapable: [ '2.3.0' ],
24 silly audit   tinyexec: [ '1.0.2' ],
24 silly audit   tslib: [ '2.8.1' ],
24 silly audit   'use-sync-external-store': [ '1.6.0' ],
24 silly audit   uuid: [ '8.3.2' ],
24 silly audit   yallist: [ '4.0.0' ]
24 silly audit }
25 verbose audit error FetchError: request to https://registry.npmjs.org/-/npm/v1/security/advisories/bulk failed, reason: getaddrinfo ENOTFOUND registry.npmjs.org
25 verbose audit error     at ClientRequest.<anonymous> (/opt/homebrew/lib/node_modules/npm/node_modules/minipass-fetch/lib/index.js:130:14)
25 verbose audit error     at ClientRequest.emit (node:events:508:28)
25 verbose audit error     at emitErrorEvent (node:_http_client:108:11)
25 verbose audit error     at _destroy (node:_http_client:962:9)
25 verbose audit error     at onSocketNT (node:_http_client:982:5)
25 verbose audit error     at process.processTicksAndRejections (node:internal/process/task_queues:90:21) {
25 verbose audit error   code: 'ENOTFOUND',
25 verbose audit error   errno: 'ENOTFOUND',
25 verbose audit error   syscall: 'getaddrinfo',
25 verbose audit error   hostname: 'registry.npmjs.org',
25 verbose audit error   type: 'system'
25 verbose audit error }
26 silly audit error undefined
27 silly audit report null
28 http cache yallist@https://registry.npmjs.org/yallist/-/yallist-4.0.0.tgz 0ms (cache hit)
29 http cache use-sync-external-store@https://registry.npmjs.org/use-sync-external-store/-/use-sync-external-store-1.6.0.tgz 0ms (cache hit)
30 http cache tinyexec@https://registry.npmjs.org/tinyexec/-/tinyexec-1.0.2.tgz 0ms (cache hit)
31 http cache tapable@https://registry.npmjs.org/tapable/-/tapable-2.3.0.tgz 0ms (cache hit)
32 http cache tslib@https://registry.npmjs.org/tslib/-/tslib-2.8.1.tgz 0ms (cache hit)
33 http cache uuid@https://registry.npmjs.org/uuid/-/uuid-8.3.2.tgz 0ms (cache hit)
34 http cache tailwindcss@https://registry.npmjs.org/tailwindcss/-/tailwindcss-4.1.17.tgz 0ms (cache hit)
35 http cache swr@https://registry.npmjs.org/swr/-/swr-2.3.6.tgz 0ms (cache hit)
36 http cache styled-jsx@https://registry.npmjs.org/styled-jsx/-/styled-jsx-5.1.6.tgz 0ms (cache hit)
37 http cache source-map-js@https://registry.npmjs.org/source-map-js/-/source-map-js-1.2.1.tgz 0ms (cache hit)
38 http cache sharp@https://registry.npmjs.org/sharp/-/sharp-0.34.5.tgz 0ms (cache hit)
39 http cache semver@https://registry.npmjs.org/semver/-/semver-7.7.3.tgz 0ms (cache hit)
40 http cache scheduler@https://registry.npmjs.org/scheduler/-/scheduler-0.27.0.tgz 0ms (cache hit)
41 http cache readdirp@https://registry.npmjs.org/readdirp/-/readdirp-4.1.2.tgz 0ms (cache hit)
42 http cache react-dom@https://registry.npmjs.org/react-dom/-/react-dom-19.2.0.tgz 0ms (cache hit)
43 http cache react@https://registry.npmjs.org/react/-/react-19.2.0.tgz 0ms (cache hit)
44 http cache rc9@https://registry.npmjs.org/rc9/-/rc9-2.1.2.tgz 0ms (cache hit)
45 http cache pure-rand@https://registry.npmjs.org/pure-rand/-/pure-rand-6.1.0.tgz 0ms (cache hit)
46 http cache prisma@https://registry.npmjs.org/prisma/-/prisma-6.19.0.tgz 0ms (cache hit)
47 http cache pretty-format@https://registry.npmjs.org/pretty-format/-/pretty-format-3.8.0.tgz 0ms (cache hit)
48 http cache preact-render-to-string@https://registry.npmjs.org/preact-render-to-string/-/preact-render-to-string-5.2.6.tgz 0ms (cache hit)
49 http cache preact@https://registry.npmjs.org/preact/-/preact-10.24.3.tgz 0ms (cache hit)
50 http cache postcss@https://registry.npmjs.org/postcss/-/postcss-8.5.6.tgz 0ms (cache hit)
51 http cache pkg-types@https://registry.npmjs.org/pkg-types/-/pkg-types-2.3.0.tgz 0ms (cache hit)
52 http cache picocolors@https://registry.npmjs.org/picocolors/-/picocolors-1.1.1.tgz 0ms (cache hit)
53 http cache perfect-debounce@https://registry.npmjs.org/perfect-debounce/-/perfect-debounce-1.0.0.tgz 0ms (cache hit)
54 http cache pathe@https://registry.npmjs.org/pathe/-/pathe-2.0.3.tgz 0ms (cache hit)
55 http cache oidc-token-hash@https://registry.npmjs.org/oidc-token-hash/-/oidc-token-hash-5.2.0.tgz 0ms (cache hit)
56 http cache openid-client@https://registry.npmjs.org/openid-client/-/openid-client-5.7.1.tgz 0ms (cache hit)
57 http cache ohash@https://registry.npmjs.org/ohash/-/ohash-2.0.11.tgz 0ms (cache hit)
58 http cache oauth@https://registry.npmjs.org/oauth/-/oauth-0.9.15.tgz 0ms (cache hit)
59 http cache nypm@https://registry.npmjs.org/nypm/-/nypm-0.6.2.tgz 0ms (cache hit)
60 http cache node-fetch-native@https://registry.npmjs.org/node-fetch-native/-/node-fetch-native-1.6.7.tgz 0ms (cache hit)
61 http cache next-auth@https://registry.npmjs.org/next-auth/-/next-auth-4.24.13.tgz 0ms (cache hit)
62 http cache oauth4webapi@https://registry.npmjs.org/oauth4webapi/-/oauth4webapi-2.17.0.tgz 0ms (cache hit)
63 http cache next@https://registry.npmjs.org/next/-/next-16.0.3.tgz 0ms (cache hit)
64 http cache nanoid@https://registry.npmjs.org/nanoid/-/nanoid-3.3.11.tgz 0ms (cache hit)
65 http cache magic-string@https://registry.npmjs.org/magic-string/-/magic-string-0.30.21.tgz 0ms (cache hit)
66 http cache lru-cache@https://registry.npmjs.org/lru-cache/-/lru-cache-6.0.0.tgz 0ms (cache hit)
67 http cache lightningcss-darwin-arm64@https://registry.npmjs.org/lightningcss-darwin-arm64/-/lightningcss-darwin-arm64-1.30.2.tgz 0ms (cache hit)
68 http cache lightningcss@https://registry.npmjs.org/lightningcss/-/lightningcss-1.30.2.tgz 0ms (cache hit)
69 http cache jose@https://registry.npmjs.org/jose/-/jose-4.15.9.tgz 0ms (cache hit)
70 http cache jiti@https://registry.npmjs.org/jiti/-/jiti-2.6.1.tgz 0ms (cache hit)
71 http cache graceful-fs@https://registry.npmjs.org/graceful-fs/-/graceful-fs-4.2.11.tgz 0ms (cache hit)
72 http cache giget@https://registry.npmjs.org/giget/-/giget-2.0.0.tgz 1ms (cache hit)
73 http cache fast-check@https://registry.npmjs.org/fast-check/-/fast-check-3.23.2.tgz 0ms (cache hit)
74 http cache exsolve@https://registry.npmjs.org/exsolve/-/exsolve-1.0.8.tgz 0ms (cache hit)
75 http cache enhanced-resolve@https://registry.npmjs.org/enhanced-resolve/-/enhanced-resolve-5.18.3.tgz 0ms (cache hit)
76 http cache empathic@https://registry.npmjs.org/empathic/-/empathic-2.0.0.tgz 0ms (cache hit)
77 http cache effect@https://registry.npmjs.org/effect/-/effect-3.18.4.tgz 0ms (cache hit)
78 http cache dotenv@https://registry.npmjs.org/dotenv/-/dotenv-16.6.1.tgz 0ms (cache hit)
79 http cache destr@https://registry.npmjs.org/destr/-/destr-2.0.5.tgz 0ms (cache hit)
80 http cache detect-libc@https://registry.npmjs.org/detect-libc/-/detect-libc-2.1.2.tgz 0ms (cache hit)
81 http cache dequal@https://registry.npmjs.org/dequal/-/dequal-2.0.3.tgz 0ms (cache hit)
82 http cache defu@https://registry.npmjs.org/defu/-/defu-6.1.4.tgz 0ms (cache hit)
83 http cache deepmerge-ts@https://registry.npmjs.org/deepmerge-ts/-/deepmerge-ts-7.1.5.tgz 0ms (cache hit)
84 http cache cookie@https://registry.npmjs.org/cookie/-/cookie-0.7.2.tgz 0ms (cache hit)
85 http cache consola@https://registry.npmjs.org/consola/-/consola-3.4.2.tgz 0ms (cache hit)
86 http cache client-only@https://registry.npmjs.org/client-only/-/client-only-0.0.1.tgz 0ms (cache hit)
87 http cache citty@https://registry.npmjs.org/citty/-/citty-0.1.6.tgz 0ms (cache hit)
88 http cache chokidar@https://registry.npmjs.org/chokidar/-/chokidar-4.0.3.tgz 0ms (cache hit)
89 http cache c12@https://registry.npmjs.org/c12/-/c12-3.1.0.tgz 0ms (cache hit)
90 http cache confbox@https://registry.npmjs.org/confbox/-/confbox-0.2.2.tgz 0ms (cache hit)
91 http cache bcryptjs@https://registry.npmjs.org/bcryptjs/-/bcryptjs-3.0.3.tgz 0ms (cache hit)
92 http cache @types/cookie@https://registry.npmjs.org/@types/cookie/-/cookie-0.6.0.tgz 0ms (cache hit)
93 http cache caniuse-lite@https://registry.npmjs.org/caniuse-lite/-/caniuse-lite-1.0.30001754.tgz 0ms (cache hit)
94 http cache @tailwindcss/postcss@https://registry.npmjs.org/@tailwindcss/postcss/-/postcss-4.1.17.tgz 0ms (cache hit)
95 http cache @tailwindcss/oxide-darwin-arm64@https://registry.npmjs.org/@tailwindcss/oxide-darwin-arm64/-/oxide-darwin-arm64-4.1.17.tgz 0ms (cache hit)
96 http cache @tailwindcss/oxide@https://registry.npmjs.org/@tailwindcss/oxide/-/oxide-4.1.17.tgz 0ms (cache hit)
97 http cache @tailwindcss/node@https://registry.npmjs.org/@tailwindcss/node/-/node-4.1.17.tgz 0ms (cache hit)
98 http cache @swc/helpers@https://registry.npmjs.org/@swc/helpers/-/helpers-0.5.15.tgz 0ms (cache hit)
99 http cache @standard-schema/spec@https://registry.npmjs.org/@standard-schema/spec/-/spec-1.0.0.tgz 0ms (cache hit)
100 http cache @prisma/get-platform@https://registry.npmjs.org/@prisma/get-platform/-/get-platform-6.19.0.tgz 0ms (cache hit)
101 http cache @prisma/fetch-engine@https://registry.npmjs.org/@prisma/fetch-engine/-/fetch-engine-6.19.0.tgz 0ms (cache hit)
102 http cache @prisma/engines-version@https://registry.npmjs.org/@prisma/engines-version/-/engines-version-6.19.0-26.2ba551f319ab1df4bc874a89965d8b3641056773.tgz 0ms (cache hit)
103 http cache @prisma/engines@https://registry.npmjs.org/@prisma/engines/-/engines-6.19.0.tgz 0ms (cache hit)
104 http cache @prisma/debug@https://registry.npmjs.org/@prisma/debug/-/debug-6.19.0.tgz 0ms (cache hit)
105 http cache @prisma/config@https://registry.npmjs.org/@prisma/config/-/config-6.19.0.tgz 0ms (cache hit)
106 http cache @prisma/client@https://registry.npmjs.org/@prisma/client/-/client-6.19.0.tgz 0ms (cache hit)
107 http cache @panva/hkdf@https://registry.npmjs.org/@panva/hkdf/-/hkdf-1.2.1.tgz 0ms (cache hit)
108 http cache @next/swc-darwin-arm64@https://registry.npmjs.org/@next/swc-darwin-arm64/-/swc-darwin-arm64-16.0.3.tgz 0ms (cache hit)
109 http cache @next/env@https://registry.npmjs.org/@next/env/-/env-16.0.3.tgz 0ms (cache hit)
110 http cache object-hash@https://registry.npmjs.org/object-hash/-/object-hash-2.2.0.tgz 0ms (cache hit)
111 http cache @jridgewell/sourcemap-codec@https://registry.npmjs.org/@jridgewell/sourcemap-codec/-/sourcemap-codec-1.5.5.tgz 0ms (cache hit)
112 http cache @jridgewell/resolve-uri@https://registry.npmjs.org/@jridgewell/resolve-uri/-/resolve-uri-3.1.2.tgz 0ms (cache hit)
113 http cache @jridgewell/remapping@https://registry.npmjs.org/@jridgewell/remapping/-/remapping-2.3.5.tgz 0ms (cache hit)
114 http cache @jridgewell/gen-mapping@https://registry.npmjs.org/@jridgewell/gen-mapping/-/gen-mapping-0.3.13.tgz 0ms (cache hit)
115 http cache @img/sharp-libvips-darwin-arm64@https://registry.npmjs.org/@img/sharp-libvips-darwin-arm64/-/sharp-libvips-darwin-arm64-1.2.4.tgz 0ms (cache hit)
116 http cache @img/sharp-darwin-arm64@https://registry.npmjs.org/@img/sharp-darwin-arm64/-/sharp-darwin-arm64-0.34.5.tgz 0ms (cache hit)
117 http cache @img/colour@https://registry.npmjs.org/@img/colour/-/colour-1.0.0.tgz 0ms (cache hit)
118 http cache @emnapi/runtime@https://registry.npmjs.org/@emnapi/runtime/-/runtime-1.7.0.tgz 0ms (cache hit)
119 http cache @heroicons/react@https://registry.npmjs.org/@heroicons/react/-/react-2.2.0.tgz 0ms (cache hit)
120 http cache @jridgewell/trace-mapping@https://registry.npmjs.org/@jridgewell/trace-mapping/-/trace-mapping-0.3.31.tgz 0ms (cache hit)
121 http cache @auth/prisma-adapter@https://registry.npmjs.org/@auth/prisma-adapter/-/prisma-adapter-2.11.1.tgz 0ms (cache hit)
122 http cache @auth/core@https://registry.npmjs.org/@auth/core/-/core-0.34.3.tgz 0ms (cache hit)
123 http cache @alloc/quick-lru@https://registry.npmjs.org/@alloc/quick-lru/-/quick-lru-5.2.0.tgz 0ms (cache hit)
124 http cache preact-render-to-string@https://registry.npmjs.org/preact-render-to-string/-/preact-render-to-string-6.5.11.tgz 0ms (cache hit)
125 http cache postcss@https://registry.npmjs.org/postcss/-/postcss-8.4.31.tgz 0ms (cache hit)
126 http cache @babel/runtime@https://registry.npmjs.org/@babel/runtime/-/runtime-7.28.4.tgz 0ms (cache hit)
127 http cache oauth4webapi@https://registry.npmjs.org/oauth4webapi/-/oauth4webapi-3.8.2.tgz 0ms (cache hit)
128 http cache preact-render-to-string@https://registry.npmjs.org/preact-render-to-string/-/preact-render-to-string-5.2.3.tgz 0ms (cache hit)
129 http cache cookie@https://registry.npmjs.org/cookie/-/cookie-0.6.0.tgz 0ms (cache hit)
130 http cache jose@https://registry.npmjs.org/jose/-/jose-5.10.0.tgz 0ms (cache hit)
131 http cache jose@https://registry.npmjs.org/jose/-/jose-6.1.1.tgz 0ms (cache hit)
132 http cache @auth/core@https://registry.npmjs.org/@auth/core/-/core-0.41.1.tgz 0ms (cache hit)
133 silly tarball no local data for yallist@https://registry.npmjs.org/yallist/-/yallist-4.0.0.tgz. Extracting by manifest.
134 silly tarball no local data for use-sync-external-store@https://registry.npmjs.org/use-sync-external-store/-/use-sync-external-store-1.6.0.tgz. Extracting by manifest.
135 silly tarball no local data for tinyexec@https://registry.npmjs.org/tinyexec/-/tinyexec-1.0.2.tgz. Extracting by manifest.
136 silly tarball no local data for tapable@https://registry.npmjs.org/tapable/-/tapable-2.3.0.tgz. Extracting by manifest.
137 silly tarball no local data for tslib@https://registry.npmjs.org/tslib/-/tslib-2.8.1.tgz. Extracting by manifest.
138 silly tarball no local data for uuid@https://registry.npmjs.org/uuid/-/uuid-8.3.2.tgz. Extracting by manifest.
139 silly tarball no local data for tailwindcss@https://registry.npmjs.org/tailwindcss/-/tailwindcss-4.1.17.tgz. Extracting by manifest.
140 silly tarball no local data for swr@https://registry.npmjs.org/swr/-/swr-2.3.6.tgz. Extracting by manifest.
141 silly tarball no local data for styled-jsx@https://registry.npmjs.org/styled-jsx/-/styled-jsx-5.1.6.tgz. Extracting by manifest.
142 silly tarball no local data for source-map-js@https://registry.npmjs.org/source-map-js/-/source-map-js-1.2.1.tgz. Extracting by manifest.
143 silly tarball no local data for sharp@https://registry.npmjs.org/sharp/-/sharp-0.34.5.tgz. Extracting by manifest.
144 silly tarball no local data for semver@https://registry.npmjs.org/semver/-/semver-7.7.3.tgz. Extracting by manifest.
145 silly tarball no local data for scheduler@https://registry.npmjs.org/scheduler/-/scheduler-0.27.0.tgz. Extracting by manifest.
146 silly tarball no local data for readdirp@https://registry.npmjs.org/readdirp/-/readdirp-4.1.2.tgz. Extracting by manifest.
147 silly tarball no local data for react-dom@https://registry.npmjs.org/react-dom/-/react-dom-19.2.0.tgz. Extracting by manifest.
148 silly tarball no local data for react@https://registry.npmjs.org/react/-/react-19.2.0.tgz. Extracting by manifest.
149 silly tarball no local data for rc9@https://registry.npmjs.org/rc9/-/rc9-2.1.2.tgz. Extracting by manifest.
150 silly tarball no local data for pure-rand@https://registry.npmjs.org/pure-rand/-/pure-rand-6.1.0.tgz. Extracting by manifest.
151 silly tarball no local data for prisma@https://registry.npmjs.org/prisma/-/prisma-6.19.0.tgz. Extracting by manifest.
152 silly tarball no local data for pretty-format@https://registry.npmjs.org/pretty-format/-/pretty-format-3.8.0.tgz. Extracting by manifest.
153 silly tarball no local data for preact-render-to-string@https://registry.npmjs.org/preact-render-to-string/-/preact-render-to-string-5.2.6.tgz. Extracting by manifest.
154 silly tarball no local data for preact@https://registry.npmjs.org/preact/-/preact-10.24.3.tgz. Extracting by manifest.
155 silly tarball no local data for postcss@https://registry.npmjs.org/postcss/-/postcss-8.5.6.tgz. Extracting by manifest.
156 silly tarball no local data for pkg-types@https://registry.npmjs.org/pkg-types/-/pkg-types-2.3.0.tgz. Extracting by manifest.
157 silly tarball no local data for picocolors@https://registry.npmjs.org/picocolors/-/picocolors-1.1.1.tgz. Extracting by manifest.
158 silly tarball no local data for perfect-debounce@https://registry.npmjs.org/perfect-debounce/-/perfect-debounce-1.0.0.tgz. Extracting by manifest.
159 silly tarball no local data for pathe@https://registry.npmjs.org/pathe/-/pathe-2.0.3.tgz. Extracting by manifest.
160 silly tarball no local data for oidc-token-hash@https://registry.npmjs.org/oidc-token-hash/-/oidc-token-hash-5.2.0.tgz. Extracting by manifest.
161 silly tarball no local data for openid-client@https://registry.npmjs.org/openid-client/-/openid-client-5.7.1.tgz. Extracting by manifest.
162 silly tarball no local data for ohash@https://registry.npmjs.org/ohash/-/ohash-2.0.11.tgz. Extracting by manifest.
163 silly tarball no local data for oauth@https://registry.npmjs.org/oauth/-/oauth-0.9.15.tgz. Extracting by manifest.
164 silly tarball no local data for nypm@https://registry.npmjs.org/nypm/-/nypm-0.6.2.tgz. Extracting by manifest.
165 silly tarball no local data for node-fetch-native@https://registry.npmjs.org/node-fetch-native/-/node-fetch-native-1.6.7.tgz. Extracting by manifest.
166 silly tarball no local data for next-auth@https://registry.npmjs.org/next-auth/-/next-auth-4.24.13.tgz. Extracting by manifest.
167 silly tarball no local data for oauth4webapi@https://registry.npmjs.org/oauth4webapi/-/oauth4webapi-2.17.0.tgz. Extracting by manifest.
168 silly tarball no local data for next@https://registry.npmjs.org/next/-/next-16.0.3.tgz. Extracting by manifest.
169 silly tarball no local data for nanoid@https://registry.npmjs.org/nanoid/-/nanoid-3.3.11.tgz. Extracting by manifest.
170 silly tarball no local data for magic-string@https://registry.npmjs.org/magic-string/-/magic-string-0.30.21.tgz. Extracting by manifest.
171 silly tarball no local data for lru-cache@https://registry.npmjs.org/lru-cache/-/lru-cache-6.0.0.tgz. Extracting by manifest.
172 silly tarball no local data for lightningcss-darwin-arm64@https://registry.npmjs.org/lightningcss-darwin-arm64/-/lightningcss-darwin-arm64-1.30.2.tgz. Extracting by manifest.
173 silly tarball no local data for lightningcss@https://registry.npmjs.org/lightningcss/-/lightningcss-1.30.2.tgz. Extracting by manifest.
174 silly tarball no local data for jose@https://registry.npmjs.org/jose/-/jose-4.15.9.tgz. Extracting by manifest.
175 silly tarball no local data for jiti@https://registry.npmjs.org/jiti/-/jiti-2.6.1.tgz. Extracting by manifest.
176 silly tarball no local data for graceful-fs@https://registry.npmjs.org/graceful-fs/-/graceful-fs-4.2.11.tgz. Extracting by manifest.
177 silly tarball no local data for giget@https://registry.npmjs.org/giget/-/giget-2.0.0.tgz. Extracting by manifest.
178 silly tarball no local data for fast-check@https://registry.npmjs.org/fast-check/-/fast-check-3.23.2.tgz. Extracting by manifest.
179 silly tarball no local data for exsolve@https://registry.npmjs.org/exsolve/-/exsolve-1.0.8.tgz. Extracting by manifest.
180 silly tarball no local data for enhanced-resolve@https://registry.npmjs.org/enhanced-resolve/-/enhanced-resolve-5.18.3.tgz. Extracting by manifest.
181 silly tarball no local data for empathic@https://registry.npmjs.org/empathic/-/empathic-2.0.0.tgz. Extracting by manifest.
182 silly tarball no local data for effect@https://registry.npmjs.org/effect/-/effect-3.18.4.tgz. Extracting by manifest.
183 silly tarball no local data for dotenv@https://registry.npmjs.org/dotenv/-/dotenv-16.6.1.tgz. Extracting by manifest.
184 silly tarball no local data for destr@https://registry.npmjs.org/destr/-/destr-2.0.5.tgz. Extracting by manifest.
185 silly tarball no local data for detect-libc@https://registry.npmjs.org/detect-libc/-/detect-libc-2.1.2.tgz. Extracting by manifest.
186 silly tarball no local data for dequal@https://registry.npmjs.org/dequal/-/dequal-2.0.3.tgz. Extracting by manifest.
187 silly tarball no local data for defu@https://registry.npmjs.org/defu/-/defu-6.1.4.tgz. Extracting by manifest.
188 silly tarball no local data for deepmerge-ts@https://registry.npmjs.org/deepmerge-ts/-/deepmerge-ts-7.1.5.tgz. Extracting by manifest.
189 silly tarball no local data for cookie@https://registry.npmjs.org/cookie/-/cookie-0.7.2.tgz. Extracting by manifest.
190 silly tarball no local data for consola@https://registry.npmjs.org/consola/-/consola-3.4.2.tgz. Extracting by manifest.
191 silly tarball no local data for client-only@https://registry.npmjs.org/client-only/-/client-only-0.0.1.tgz. Extracting by manifest.
192 silly tarball no local data for citty@https://registry.npmjs.org/citty/-/citty-0.1.6.tgz. Extracting by manifest.
193 silly tarball no local data for chokidar@https://registry.npmjs.org/chokidar/-/chokidar-4.0.3.tgz. Extracting by manifest.
194 silly tarball no local data for c12@https://registry.npmjs.org/c12/-/c12-3.1.0.tgz. Extracting by manifest.
195 silly tarball no local data for confbox@https://registry.npmjs.org/confbox/-/confbox-0.2.2.tgz. Extracting by manifest.
196 silly tarball no local data for bcryptjs@https://registry.npmjs.org/bcryptjs/-/bcryptjs-3.0.3.tgz. Extracting by manifest.
197 silly tarball no local data for @types/cookie@https://registry.npmjs.org/@types/cookie/-/cookie-0.6.0.tgz. Extracting by manifest.
198 silly tarball no local data for caniuse-lite@https://registry.npmjs.org/caniuse-lite/-/caniuse-lite-1.0.30001754.tgz. Extracting by manifest.
199 silly tarball no local data for @tailwindcss/postcss@https://registry.npmjs.org/@tailwindcss/postcss/-/postcss-4.1.17.tgz. Extracting by manifest.
200 silly tarball no local data for @tailwindcss/oxide-darwin-arm64@https://registry.npmjs.org/@tailwindcss/oxide-darwin-arm64/-/oxide-darwin-arm64-4.1.17.tgz. Extracting by manifest.
201 silly tarball no local data for @tailwindcss/oxide@https://registry.npmjs.org/@tailwindcss/oxide/-/oxide-4.1.17.tgz. Extracting by manifest.
202 silly tarball no local data for @tailwindcss/node@https://registry.npmjs.org/@tailwindcss/node/-/node-4.1.17.tgz. Extracting by manifest.
203 silly tarball no local data for @swc/helpers@https://registry.npmjs.org/@swc/helpers/-/helpers-0.5.15.tgz. Extracting by manifest.
204 silly tarball no local data for @standard-schema/spec@https://registry.npmjs.org/@standard-schema/spec/-/spec-1.0.0.tgz. Extracting by manifest.
205 silly tarball no local data for @prisma/get-platform@https://registry.npmjs.org/@prisma/get-platform/-/get-platform-6.19.0.tgz. Extracting by manifest.
206 silly tarball no local data for @prisma/fetch-engine@https://registry.npmjs.org/@prisma/fetch-engine/-/fetch-engine-6.19.0.tgz. Extracting by manifest.
207 silly tarball no local data for @prisma/engines-version@https://registry.npmjs.org/@prisma/engines-version/-/engines-version-6.19.0-26.2ba551f319ab1df4bc874a89965d8b3641056773.tgz. Extracting by manifest.
208 silly tarball no local data for @prisma/engines@https://registry.npmjs.org/@prisma/engines/-/engines-6.19.0.tgz. Extracting by manifest.
209 silly tarball no local data for @prisma/debug@https://registry.npmjs.org/@prisma/debug/-/debug-6.19.0.tgz. Extracting by manifest.
210 silly tarball no local data for @prisma/config@https://registry.npmjs.org/@prisma/config/-/config-6.19.0.tgz. Extracting by manifest.
211 silly tarball no local data for @prisma/client@https://registry.npmjs.org/@prisma/client/-/client-6.19.0.tgz. Extracting by manifest.
212 silly tarball no local data for @panva/hkdf@https://registry.npmjs.org/@panva/hkdf/-/hkdf-1.2.1.tgz. Extracting by manifest.
213 silly tarball no local data for @next/swc-darwin-arm64@https://registry.npmjs.org/@next/swc-darwin-arm64/-/swc-darwin-arm64-16.0.3.tgz. Extracting by manifest.
214 silly tarball no local data for @next/env@https://registry.npmjs.org/@next/env/-/env-16.0.3.tgz. Extracting by manifest.
215 silly tarball no local data for object-hash@https://registry.npmjs.org/object-hash/-/object-hash-2.2.0.tgz. Extracting by manifest.
216 silly tarball no local data for @jridgewell/sourcemap-codec@https://registry.npmjs.org/@jridgewell/sourcemap-codec/-/sourcemap-codec-1.5.5.tgz. Extracting by manifest.
217 silly tarball no local data for @jridgewell/resolve-uri@https://registry.npmjs.org/@jridgewell/resolve-uri/-/resolve-uri-3.1.2.tgz. Extracting by manifest.
218 silly tarball no local data for @jridgewell/remapping@https://registry.npmjs.org/@jridgewell/remapping/-/remapping-2.3.5.tgz. Extracting by manifest.
219 silly tarball no local data for @jridgewell/gen-mapping@https://registry.npmjs.org/@jridgewell/gen-mapping/-/gen-mapping-0.3.13.tgz. Extracting by manifest.
220 silly tarball no local data for @img/sharp-libvips-darwin-arm64@https://registry.npmjs.org/@img/sharp-libvips-darwin-arm64/-/sharp-libvips-darwin-arm64-1.2.4.tgz. Extracting by manifest.
221 silly tarball no local data for @img/sharp-darwin-arm64@https://registry.npmjs.org/@img/sharp-darwin-arm64/-/sharp-darwin-arm64-0.34.5.tgz. Extracting by manifest.
222 silly tarball no local data for @img/colour@https://registry.npmjs.org/@img/colour/-/colour-1.0.0.tgz. Extracting by manifest.
223 silly tarball no local data for @emnapi/runtime@https://registry.npmjs.org/@emnapi/runtime/-/runtime-1.7.0.tgz. Extracting by manifest.
224 silly tarball no local data for @heroicons/react@https://registry.npmjs.org/@heroicons/react/-/react-2.2.0.tgz. Extracting by manifest.
225 silly tarball no local data for @jridgewell/trace-mapping@https://registry.npmjs.org/@jridgewell/trace-mapping/-/trace-mapping-0.3.31.tgz. Extracting by manifest.
226 silly tarball no local data for @auth/prisma-adapter@https://registry.npmjs.org/@auth/prisma-adapter/-/prisma-adapter-2.11.1.tgz. Extracting by manifest.
227 silly tarball no local data for @auth/core@https://registry.npmjs.org/@auth/core/-/core-0.34.3.tgz. Extracting by manifest.
228 silly tarball no local data for @alloc/quick-lru@https://registry.npmjs.org/@alloc/quick-lru/-/quick-lru-5.2.0.tgz. Extracting by manifest.
229 silly tarball no local data for preact-render-to-string@https://registry.npmjs.org/preact-render-to-string/-/preact-render-to-string-6.5.11.tgz. Extracting by manifest.
230 silly tarball no local data for postcss@https://registry.npmjs.org/postcss/-/postcss-8.4.31.tgz. Extracting by manifest.
231 silly tarball no local data for @babel/runtime@https://registry.npmjs.org/@babel/runtime/-/runtime-7.28.4.tgz. Extracting by manifest.
232 silly tarball no local data for oauth4webapi@https://registry.npmjs.org/oauth4webapi/-/oauth4webapi-3.8.2.tgz. Extracting by manifest.
233 silly tarball no local data for preact-render-to-string@https://registry.npmjs.org/preact-render-to-string/-/preact-render-to-string-5.2.3.tgz. Extracting by manifest.
234 silly tarball no local data for cookie@https://registry.npmjs.org/cookie/-/cookie-0.6.0.tgz. Extracting by manifest.
235 silly tarball no local data for jose@https://registry.npmjs.org/jose/-/jose-5.10.0.tgz. Extracting by manifest.
236 silly tarball no local data for jose@https://registry.npmjs.org/jose/-/jose-6.1.1.tgz. Extracting by manifest.
237 silly tarball no local data for @auth/core@https://registry.npmjs.org/@auth/core/-/core-0.41.1.tgz. Extracting by manifest.
238 http fetch GET https://registry.npmjs.org/yallist/-/yallist-4.0.0.tgz attempt 1 failed with ENOTFOUND
239 http fetch GET https://registry.npmjs.org/use-sync-external-store/-/use-sync-external-store-1.6.0.tgz attempt 1 failed with ENOTFOUND
240 http fetch GET https://registry.npmjs.org/tinyexec/-/tinyexec-1.0.2.tgz attempt 1 failed with ENOTFOUND
241 http fetch GET https://registry.npmjs.org/tapable/-/tapable-2.3.0.tgz attempt 1 failed with ENOTFOUND
242 http fetch GET https://registry.npmjs.org/tslib/-/tslib-2.8.1.tgz attempt 1 failed with ENOTFOUND
243 http fetch GET https://registry.npmjs.org/uuid/-/uuid-8.3.2.tgz attempt 1 failed with ENOTFOUND
244 http fetch GET https://registry.npmjs.org/tailwindcss/-/tailwindcss-4.1.17.tgz attempt 1 failed with ENOTFOUND
245 http fetch GET https://registry.npmjs.org/swr/-/swr-2.3.6.tgz attempt 1 failed with ENOTFOUND
246 http fetch GET https://registry.npmjs.org/styled-jsx/-/styled-jsx-5.1.6.tgz attempt 1 failed with ENOTFOUND
247 http fetch GET https://registry.npmjs.org/source-map-js/-/source-map-js-1.2.1.tgz attempt 1 failed with ENOTFOUND
248 http fetch GET https://registry.npmjs.org/sharp/-/sharp-0.34.5.tgz attempt 1 failed with ENOTFOUND
249 http fetch GET https://registry.npmjs.org/semver/-/semver-7.7.3.tgz attempt 1 failed with ENOTFOUND
250 http fetch GET https://registry.npmjs.org/scheduler/-/scheduler-0.27.0.tgz attempt 1 failed with ENOTFOUND
251 http fetch GET https://registry.npmjs.org/readdirp/-/readdirp-4.1.2.tgz attempt 1 failed with ENOTFOUND
252 http fetch GET https://registry.npmjs.org/react-dom/-/react-dom-19.2.0.tgz attempt 1 failed with ENOTFOUND
253 http fetch GET https://registry.npmjs.org/yallist/-/yallist-4.0.0.tgz attempt 2 failed with ENOTFOUND
254 http fetch GET https://registry.npmjs.org/use-sync-external-store/-/use-sync-external-store-1.6.0.tgz attempt 2 failed with ENOTFOUND
255 http fetch GET https://registry.npmjs.org/tinyexec/-/tinyexec-1.0.2.tgz attempt 2 failed with ENOTFOUND
256 http fetch GET https://registry.npmjs.org/tapable/-/tapable-2.3.0.tgz attempt 2 failed with ENOTFOUND
257 http fetch GET https://registry.npmjs.org/tslib/-/tslib-2.8.1.tgz attempt 2 failed with ENOTFOUND
258 http fetch GET https://registry.npmjs.org/uuid/-/uuid-8.3.2.tgz attempt 2 failed with ENOTFOUND
259 http fetch GET https://registry.npmjs.org/tailwindcss/-/tailwindcss-4.1.17.tgz attempt 2 failed with ENOTFOUND
260 http fetch GET https://registry.npmjs.org/swr/-/swr-2.3.6.tgz attempt 2 failed with ENOTFOUND
261 http fetch GET https://registry.npmjs.org/styled-jsx/-/styled-jsx-5.1.6.tgz attempt 2 failed with ENOTFOUND
262 http fetch GET https://registry.npmjs.org/source-map-js/-/source-map-js-1.2.1.tgz attempt 2 failed with ENOTFOUND
263 http fetch GET https://registry.npmjs.org/sharp/-/sharp-0.34.5.tgz attempt 2 failed with ENOTFOUND
264 http fetch GET https://registry.npmjs.org/semver/-/semver-7.7.3.tgz attempt 2 failed with ENOTFOUND
265 http fetch GET https://registry.npmjs.org/scheduler/-/scheduler-0.27.0.tgz attempt 2 failed with ENOTFOUND
266 http fetch GET https://registry.npmjs.org/readdirp/-/readdirp-4.1.2.tgz attempt 2 failed with ENOTFOUND
267 http fetch GET https://registry.npmjs.org/react-dom/-/react-dom-19.2.0.tgz attempt 2 failed with ENOTFOUND
268 http fetch GET https://registry.npmjs.org/yallist/-/yallist-4.0.0.tgz attempt 3 failed with ENOTFOUND
269 http fetch GET https://registry.npmjs.org/use-sync-external-store/-/use-sync-external-store-1.6.0.tgz attempt 3 failed with ENOTFOUND
270 http fetch GET https://registry.npmjs.org/tinyexec/-/tinyexec-1.0.2.tgz attempt 3 failed with ENOTFOUND
271 http fetch GET https://registry.npmjs.org/tapable/-/tapable-2.3.0.tgz attempt 3 failed with ENOTFOUND
272 http fetch GET https://registry.npmjs.org/tslib/-/tslib-2.8.1.tgz attempt 3 failed with ENOTFOUND
273 http fetch GET https://registry.npmjs.org/uuid/-/uuid-8.3.2.tgz attempt 3 failed with ENOTFOUND
274 http fetch GET https://registry.npmjs.org/tailwindcss/-/tailwindcss-4.1.17.tgz attempt 3 failed with ENOTFOUND
275 http fetch GET https://registry.npmjs.org/swr/-/swr-2.3.6.tgz attempt 3 failed with ENOTFOUND
276 http fetch GET https://registry.npmjs.org/styled-jsx/-/styled-jsx-5.1.6.tgz attempt 3 failed with ENOTFOUND
277 http fetch GET https://registry.npmjs.org/source-map-js/-/source-map-js-1.2.1.tgz attempt 3 failed with ENOTFOUND
278 http fetch GET https://registry.npmjs.org/sharp/-/sharp-0.34.5.tgz attempt 3 failed with ENOTFOUND
279 verbose reify failed optional dependency /Users/gimhyeonmin/WebstormProjects/Compile-Room/node_modules/sharp
280 silly reify mark deleted [
280 silly reify   '/Users/gimhyeonmin/WebstormProjects/Compile-Room/node_modules/sharp'
280 silly reify ]
281 verbose reify failed optional dependency /Users/gimhyeonmin/WebstormProjects/Compile-Room/node_modules/@img/colour
282 silly reify mark deleted [
282 silly reify   '/Users/gimhyeonmin/WebstormProjects/Compile-Room/node_modules/@img/colour'
282 silly reify ]
283 verbose reify failed optional dependency /Users/gimhyeonmin/WebstormProjects/Compile-Room/node_modules/semver
284 silly reify mark deleted [
284 silly reify   '/Users/gimhyeonmin/WebstormProjects/Compile-Room/node_modules/semver',
284 silly reify   '/Users/gimhyeonmin/WebstormProjects/Compile-Room/node_modules/.bin/semver'
284 silly reify ]
285 verbose reify failed optional dependency /Users/gimhyeonmin/WebstormProjects/Compile-Room/node_modules/@img/sharp-darwin-arm64
286 silly reify mark deleted [
286 silly reify   '/Users/gimhyeonmin/WebstormProjects/Compile-Room/node_modules/@img/sharp-darwin-arm64'
286 silly reify ]
287 verbose reify failed optional dependency /Users/gimhyeonmin/WebstormProjects/Compile-Room/node_modules/@img/sharp-darwin-x64
288 silly reify mark deleted [
288 silly reify   '/Users/gimhyeonmin/WebstormProjects/Compile-Room/node_modules/@img/sharp-darwin-x64'
288 silly reify ]
289 verbose reify failed optional dependency /Users/gimhyeonmin/WebstormProjects/Compile-Room/node_modules/@img/sharp-libvips-darwin-arm64
290 silly reify mark deleted [
290 silly reify   '/Users/gimhyeonmin/WebstormProjects/Compile-Room/node_modules/@img/sharp-libvips-darwin-arm64'
290 silly reify ]
291 verbose reify failed optional dependency /Users/gimhyeonmin/WebstormProjects/Compile-Room/node_modules/@img/sharp-libvips-darwin-x64
292 silly reify mark deleted [
292 silly reify   '/Users/gimhyeonmin/WebstormProjects/Compile-Room/node_modules/@img/sharp-libvips-darwin-x64'
292 silly reify ]
293 verbose reify failed optional dependency /Users/gimhyeonmin/WebstormProjects/Compile-Room/node_modules/@img/sharp-libvips-linux-arm
294 silly reify mark deleted [
294 silly reify   '/Users/gimhyeonmin/WebstormProjects/Compile-Room/node_modules/@img/sharp-libvips-linux-arm'
294 silly reify ]
295 verbose reify failed optional dependency /Users/gimhyeonmin/WebstormProjects/Compile-Room/node_modules/@img/sharp-libvips-linux-arm64
296 silly reify mark deleted [
296 silly reify   '/Users/gimhyeonmin/WebstormProjects/Compile-Room/node_modules/@img/sharp-libvips-linux-arm64'
296 silly reify ]
297 verbose reify failed optional dependency /Users/gimhyeonmin/WebstormProjects/Compile-Room/node_modules/@img/sharp-libvips-linux-ppc64
298 silly reify mark deleted [
298 silly reify   '/Users/gimhyeonmin/WebstormProjects/Compile-Room/node_modules/@img/sharp-libvips-linux-ppc64'
298 silly reify ]
299 verbose reify failed optional dependency /Users/gimhyeonmin/WebstormProjects/Compile-Room/node_modules/@img/sharp-libvips-linux-riscv64
300 silly reify mark deleted [
300 silly reify   '/Users/gimhyeonmin/WebstormProjects/Compile-Room/node_modules/@img/sharp-libvips-linux-riscv64'
300 silly reify ]
301 verbose reify failed optional dependency /Users/gimhyeonmin/WebstormProjects/Compile-Room/node_modules/@img/sharp-libvips-linux-s390x
302 silly reify mark deleted [
302 silly reify   '/Users/gimhyeonmin/WebstormProjects/Compile-Room/node_modules/@img/sharp-libvips-linux-s390x'
302 silly reify ]
303 verbose reify failed optional dependency /Users/gimhyeonmin/WebstormProjects/Compile-Room/node_modules/@img/sharp-libvips-linux-x64
304 silly reify mark deleted [
304 silly reify   '/Users/gimhyeonmin/WebstormProjects/Compile-Room/node_modules/@img/sharp-libvips-linux-x64'
304 silly reify ]
305 verbose reify failed optional dependency /Users/gimhyeonmin/WebstormProjects/Compile-Room/node_modules/@img/sharp-libvips-linuxmusl-arm64
306 silly reify mark deleted [
306 silly reify   '/Users/gimhyeonmin/WebstormProjects/Compile-Room/node_modules/@img/sharp-libvips-linuxmusl-arm64'
306 silly reify ]
307 verbose reify failed optional dependency /Users/gimhyeonmin/WebstormProjects/Compile-Room/node_modules/@img/sharp-libvips-linuxmusl-x64
308 silly reify mark deleted [
308 silly reify   '/Users/gimhyeonmin/WebstormProjects/Compile-Room/node_modules/@img/sharp-libvips-linuxmusl-x64'
308 silly reify ]
309 verbose reify failed optional dependency /Users/gimhyeonmin/WebstormProjects/Compile-Room/node_modules/@img/sharp-linux-arm
310 silly reify mark deleted [
310 silly reify   '/Users/gimhyeonmin/WebstormProjects/Compile-Room/node_modules/@img/sharp-linux-arm'
310 silly reify ]
311 verbose reify failed optional dependency /Users/gimhyeonmin/WebstormProjects/Compile-Room/node_modules/@img/sharp-linux-arm64
312 silly reify mark deleted [
312 silly reify   '/Users/gimhyeonmin/WebstormProjects/Compile-Room/node_modules/@img/sharp-linux-arm64'
312 silly reify ]
313 verbose reify failed optional dependency /Users/gimhyeonmin/WebstormProjects/Compile-Room/node_modules/@img/sharp-linux-ppc64
314 silly reify mark deleted [
314 silly reify   '/Users/gimhyeonmin/WebstormProjects/Compile-Room/node_modules/@img/sharp-linux-ppc64'
314 silly reify ]
315 verbose reify failed optional dependency /Users/gimhyeonmin/WebstormProjects/Compile-Room/node_modules/@img/sharp-linux-riscv64
316 silly reify mark deleted [
316 silly reify   '/Users/gimhyeonmin/WebstormProjects/Compile-Room/node_modules/@img/sharp-linux-riscv64'
316 silly reify ]
317 verbose reify failed optional dependency /Users/gimhyeonmin/WebstormProjects/Compile-Room/node_modules/@img/sharp-linux-s390x
318 silly reify mark deleted [
318 silly reify   '/Users/gimhyeonmin/WebstormProjects/Compile-Room/node_modules/@img/sharp-linux-s390x'
318 silly reify ]
319 verbose reify failed optional dependency /Users/gimhyeonmin/WebstormProjects/Compile-Room/node_modules/@img/sharp-linux-x64
320 silly reify mark deleted [
320 silly reify   '/Users/gimhyeonmin/WebstormProjects/Compile-Room/node_modules/@img/sharp-linux-x64'
320 silly reify ]
321 verbose reify failed optional dependency /Users/gimhyeonmin/WebstormProjects/Compile-Room/node_modules/@img/sharp-linuxmusl-arm64
322 silly reify mark deleted [
322 silly reify   '/Users/gimhyeonmin/WebstormProjects/Compile-Room/node_modules/@img/sharp-linuxmusl-arm64'
322 silly reify ]
323 verbose reify failed optional dependency /Users/gimhyeonmin/WebstormProjects/Compile-Room/node_modules/@img/sharp-linuxmusl-x64
324 silly reify mark deleted [
324 silly reify   '/Users/gimhyeonmin/WebstormProjects/Compile-Room/node_modules/@img/sharp-linuxmusl-x64'
324 silly reify ]
325 verbose reify failed optional dependency /Users/gimhyeonmin/WebstormProjects/Compile-Room/node_modules/@img/sharp-wasm32
326 silly reify mark deleted [
326 silly reify   '/Users/gimhyeonmin/WebstormProjects/Compile-Room/node_modules/@img/sharp-wasm32'
326 silly reify ]
327 verbose reify failed optional dependency /Users/gimhyeonmin/WebstormProjects/Compile-Room/node_modules/@img/sharp-win32-arm64
328 silly reify mark deleted [
328 silly reify   '/Users/gimhyeonmin/WebstormProjects/Compile-Room/node_modules/@img/sharp-win32-arm64'
328 silly reify ]
329 verbose reify failed optional dependency /Users/gimhyeonmin/WebstormProjects/Compile-Room/node_modules/@img/sharp-win32-ia32
330 silly reify mark deleted [
330 silly reify   '/Users/gimhyeonmin/WebstormProjects/Compile-Room/node_modules/@img/sharp-win32-ia32'
330 silly reify ]
331 verbose reify failed optional dependency /Users/gimhyeonmin/WebstormProjects/Compile-Room/node_modules/@img/sharp-win32-x64
332 silly reify mark deleted [
332 silly reify   '/Users/gimhyeonmin/WebstormProjects/Compile-Room/node_modules/@img/sharp-win32-x64'
332 silly reify ]
333 http fetch GET https://registry.npmjs.org/semver/-/semver-7.7.3.tgz attempt 3 failed with ENOTFOUND
334 verbose reify failed optional dependency /Users/gimhyeonmin/WebstormProjects/Compile-Room/node_modules/semver
335 silly reify mark deleted [
335 silly reify   '/Users/gimhyeonmin/WebstormProjects/Compile-Room/node_modules/semver',
335 silly reify   '/Users/gimhyeonmin/WebstormProjects/Compile-Room/node_modules/.bin/semver'
335 silly reify ]
336 verbose reify failed optional dependency /Users/gimhyeonmin/WebstormProjects/Compile-Room/node_modules/sharp
337 silly reify mark deleted [
337 silly reify   '/Users/gimhyeonmin/WebstormProjects/Compile-Room/node_modules/sharp'
337 silly reify ]
338 verbose reify failed optional dependency /Users/gimhyeonmin/WebstormProjects/Compile-Room/node_modules/@img/colour
339 silly reify mark deleted [
339 silly reify   '/Users/gimhyeonmin/WebstormProjects/Compile-Room/node_modules/@img/colour'
339 silly reify ]
340 verbose reify failed optional dependency /Users/gimhyeonmin/WebstormProjects/Compile-Room/node_modules/@img/sharp-darwin-arm64
341 silly reify mark deleted [
341 silly reify   '/Users/gimhyeonmin/WebstormProjects/Compile-Room/node_modules/@img/sharp-darwin-arm64'
341 silly reify ]
342 verbose reify failed optional dependency /Users/gimhyeonmin/WebstormProjects/Compile-Room/node_modules/@img/sharp-darwin-x64
343 silly reify mark deleted [
343 silly reify   '/Users/gimhyeonmin/WebstormProjects/Compile-Room/node_modules/@img/sharp-darwin-x64'
343 silly reify ]
344 verbose reify failed optional dependency /Users/gimhyeonmin/WebstormProjects/Compile-Room/node_modules/@img/sharp-libvips-darwin-arm64
345 silly reify mark deleted [
345 silly reify   '/Users/gimhyeonmin/WebstormProjects/Compile-Room/node_modules/@img/sharp-libvips-darwin-arm64'
345 silly reify ]
346 verbose reify failed optional dependency /Users/gimhyeonmin/WebstormProjects/Compile-Room/node_modules/@img/sharp-libvips-darwin-x64
347 silly reify mark deleted [
347 silly reify   '/Users/gimhyeonmin/WebstormProjects/Compile-Room/node_modules/@img/sharp-libvips-darwin-x64'
347 silly reify ]
348 verbose reify failed optional dependency /Users/gimhyeonmin/WebstormProjects/Compile-Room/node_modules/@img/sharp-libvips-linux-arm
349 silly reify mark deleted [
349 silly reify   '/Users/gimhyeonmin/WebstormProjects/Compile-Room/node_modules/@img/sharp-libvips-linux-arm'
349 silly reify ]
350 verbose reify failed optional dependency /Users/gimhyeonmin/WebstormProjects/Compile-Room/node_modules/@img/sharp-libvips-linux-arm64
351 silly reify mark deleted [
351 silly reify   '/Users/gimhyeonmin/WebstormProjects/Compile-Room/node_modules/@img/sharp-libvips-linux-arm64'
351 silly reify ]
352 verbose reify failed optional dependency /Users/gimhyeonmin/WebstormProjects/Compile-Room/node_modules/@img/sharp-libvips-linux-ppc64
353 silly reify mark deleted [
353 silly reify   '/Users/gimhyeonmin/WebstormProjects/Compile-Room/node_modules/@img/sharp-libvips-linux-ppc64'
353 silly reify ]
354 verbose reify failed optional dependency /Users/gimhyeonmin/WebstormProjects/Compile-Room/node_modules/@img/sharp-libvips-linux-riscv64
355 silly reify mark deleted [
355 silly reify   '/Users/gimhyeonmin/WebstormProjects/Compile-Room/node_modules/@img/sharp-libvips-linux-riscv64'
355 silly reify ]
356 verbose reify failed optional dependency /Users/gimhyeonmin/WebstormProjects/Compile-Room/node_modules/@img/sharp-libvips-linux-s390x
357 silly reify mark deleted [
357 silly reify   '/Users/gimhyeonmin/WebstormProjects/Compile-Room/node_modules/@img/sharp-libvips-linux-s390x'
357 silly reify ]
358 verbose reify failed optional dependency /Users/gimhyeonmin/WebstormProjects/Compile-Room/node_modules/@img/sharp-libvips-linux-x64
359 silly reify mark deleted [
359 silly reify   '/Users/gimhyeonmin/WebstormProjects/Compile-Room/node_modules/@img/sharp-libvips-linux-x64'
359 silly reify ]
360 verbose reify failed optional dependency /Users/gimhyeonmin/WebstormProjects/Compile-Room/node_modules/@img/sharp-libvips-linuxmusl-arm64
361 silly reify mark deleted [
361 silly reify   '/Users/gimhyeonmin/WebstormProjects/Compile-Room/node_modules/@img/sharp-libvips-linuxmusl-arm64'
361 silly reify ]
362 verbose reify failed optional dependency /Users/gimhyeonmin/WebstormProjects/Compile-Room/node_modules/@img/sharp-libvips-linuxmusl-x64
363 silly reify mark deleted [
363 silly reify   '/Users/gimhyeonmin/WebstormProjects/Compile-Room/node_modules/@img/sharp-libvips-linuxmusl-x64'
363 silly reify ]
364 verbose reify failed optional dependency /Users/gimhyeonmin/WebstormProjects/Compile-Room/node_modules/@img/sharp-linux-arm
365 silly reify mark deleted [
365 silly reify   '/Users/gimhyeonmin/WebstormProjects/Compile-Room/node_modules/@img/sharp-linux-arm'
365 silly reify ]
366 verbose reify failed optional dependency /Users/gimhyeonmin/WebstormProjects/Compile-Room/node_modules/@img/sharp-linux-arm64
367 silly reify mark deleted [
367 silly reify   '/Users/gimhyeonmin/WebstormProjects/Compile-Room/node_modules/@img/sharp-linux-arm64'
367 silly reify ]
368 verbose reify failed optional dependency /Users/gimhyeonmin/WebstormProjects/Compile-Room/node_modules/@img/sharp-linux-ppc64
369 silly reify mark deleted [
369 silly reify   '/Users/gimhyeonmin/WebstormProjects/Compile-Room/node_modules/@img/sharp-linux-ppc64'
369 silly reify ]
370 verbose reify failed optional dependency /Users/gimhyeonmin/WebstormProjects/Compile-Room/node_modules/@img/sharp-linux-riscv64
371 silly reify mark deleted [
371 silly reify   '/Users/gimhyeonmin/WebstormProjects/Compile-Room/node_modules/@img/sharp-linux-riscv64'
371 silly reify ]
372 verbose reify failed optional dependency /Users/gimhyeonmin/WebstormProjects/Compile-Room/node_modules/@img/sharp-linux-s390x
373 silly reify mark deleted [
373 silly reify   '/Users/gimhyeonmin/WebstormProjects/Compile-Room/node_modules/@img/sharp-linux-s390x'
373 silly reify ]
374 verbose reify failed optional dependency /Users/gimhyeonmin/WebstormProjects/Compile-Room/node_modules/@img/sharp-linux-x64
375 silly reify mark deleted [
375 silly reify   '/Users/gimhyeonmin/WebstormProjects/Compile-Room/node_modules/@img/sharp-linux-x64'
375 silly reify ]
376 verbose reify failed optional dependency /Users/gimhyeonmin/WebstormProjects/Compile-Room/node_modules/@img/sharp-linuxmusl-arm64
377 silly reify mark deleted [
377 silly reify   '/Users/gimhyeonmin/WebstormProjects/Compile-Room/node_modules/@img/sharp-linuxmusl-arm64'
377 silly reify ]
378 verbose reify failed optional dependency /Users/gimhyeonmin/WebstormProjects/Compile-Room/node_modules/@img/sharp-linuxmusl-x64
379 silly reify mark deleted [
379 silly reify   '/Users/gimhyeonmin/WebstormProjects/Compile-Room/node_modules/@img/sharp-linuxmusl-x64'
379 silly reify ]
380 verbose reify failed optional dependency /Users/gimhyeonmin/WebstormProjects/Compile-Room/node_modules/@img/sharp-wasm32
381 silly reify mark deleted [
381 silly reify   '/Users/gimhyeonmin/WebstormProjects/Compile-Room/node_modules/@img/sharp-wasm32'
381 silly reify ]
382 verbose reify failed optional dependency /Users/gimhyeonmin/WebstormProjects/Compile-Room/node_modules/@img/sharp-win32-arm64
383 silly reify mark deleted [
383 silly reify   '/Users/gimhyeonmin/WebstormProjects/Compile-Room/node_modules/@img/sharp-win32-arm64'
383 silly reify ]
384 verbose reify failed optional dependency /Users/gimhyeonmin/WebstormProjects/Compile-Room/node_modules/@img/sharp-win32-ia32
385 silly reify mark deleted [
385 silly reify   '/Users/gimhyeonmin/WebstormProjects/Compile-Room/node_modules/@img/sharp-win32-ia32'
385 silly reify ]
386 verbose reify failed optional dependency /Users/gimhyeonmin/WebstormProjects/Compile-Room/node_modules/@img/sharp-win32-x64
387 silly reify mark deleted [
387 silly reify   '/Users/gimhyeonmin/WebstormProjects/Compile-Room/node_modules/@img/sharp-win32-x64'
387 silly reify ]
388 http fetch GET https://registry.npmjs.org/scheduler/-/scheduler-0.27.0.tgz attempt 3 failed with ENOTFOUND
389 http fetch GET https://registry.npmjs.org/readdirp/-/readdirp-4.1.2.tgz attempt 3 failed with ENOTFOUND
390 http fetch GET https://registry.npmjs.org/react-dom/-/react-dom-19.2.0.tgz attempt 3 failed with ENOTFOUND
391 verbose cwd /Users/gimhyeonmin/WebstormProjects/Compile-Room
392 verbose os Darwin 25.1.0
393 verbose node v25.2.1
394 verbose npm  v11.6.2
395 error Exit handler never called!
396 error This is an error with npm itself. Please report this error at:
397 error   <https://github.com/npm/cli/issues>
398 verbose exit 1
399 verbose code 1
400 error A complete log of this run can be found in: /Users/gimhyeonmin/WebstormProjects/Compile-Room/.npm-cache/_logs/2025-11-30T15_14_25_054Z-debug-0.log
